<?xml version="1.0" encoding="UTF-8"?>
<testsuites name="TSCID1" time="7.436" tests="6" failures="0" errors="0">
   <testsuite name="TSCID1" tests="6" failures="0" errors="0" time="7.436" skipped="0" timestamp="2023-11-06 11:52:27" hostname="DS025$ - DS025.step.com" id="Test Suites/TSCID1">
      <properties>
         <property name="deviceName" value=""/>
         <property name="devicePlatform" value=""/>
         <property name="logFolder" value="C:\\Users\\sushil.gaikwad\\git\\CIDgit1\\Reports\\20231106_115215\\TSCID1\\20231106_115220"/>
         <property name="logFiles" value="C:\\Users\\sushil.gaikwad\\git\\CIDgit1\\Reports\\20231106_115215\\TSCID1\\20231106_115220\\execution0.log"/>
         <property name="attachments" value=""/>
         <property name="hostName" value="DS025$ - DS025.step.com"/>
         <property name="os" value="Windows 10 64bit"/>
         <property name="katalonVersion" value="9.0.0.212"/>
         <property name="browser" value="Chrome 119.0.0.0"/>
         <property name="hostAddress" value="192.168.0.134"/>
         <property name="sessionId" value="ee81a5a7dd683d30ba4772ace653560f"/>
         <property name="seleniumVersion" value="3.141.59"/>
         <property name="proxyInformation" value="ProxyInformation { proxyOption=NO_PROXY, proxyServerType=HTTP, username=, password=********, proxyServerAddress=, proxyServerPort=0, executionList=&quot;&quot;, isApplyToDesiredCapabilities=true }"/>
         <property name="platform" value="Windows 10"/>
      </properties>
      <testcase name="Test Cases/TCID_1" time="0.248" classname="Test Cases/TCID_1" status="PASSED">
         <system-out><![CDATA[2023-11-06 11:52:27 - [TEST_CASE][PASSED] - Test Cases/TCID_1: Test Cases/TCID_1

2023-11-06 11:52:27 - [TEST_STEP][PASSED] - println("1st test case created"): null

2023-11-06 11:52:27 - [TEST_STEP][PASSED] - println("Ends"): null]]></system-out>
         <system-err><![CDATA[]]></system-err>
      </testcase>
      <testcase name="Test Cases/TCID_2" time="0.09" classname="Test Cases/TCID_2" status="PASSED">
         <system-out><![CDATA[2023-11-06 11:52:27 - [TEST_CASE][PASSED] - Test Cases/TCID_2: Test Cases/TCID_2

2023-11-06 11:52:27 - [TEST_STEP][PASSED] - println("2nd test case created"): null

2023-11-06 11:52:27 - [TEST_STEP][PASSED] - println("ENds 2nd"): null]]></system-out>
         <system-err><![CDATA[]]></system-err>
      </testcase>
      <testcase name="Test Cases/TCID_3" time="0.062" classname="Test Cases/TCID_3" status="PASSED">
         <system-out><![CDATA[2023-11-06 11:52:27 - [TEST_CASE][PASSED] - Test Cases/TCID_3: Test Cases/TCID_3

2023-11-06 11:52:27 - [TEST_STEP][PASSED] - println("3rd test case created"): null

2023-11-06 11:52:27 - [TEST_STEP][PASSED] - println("Ends 3rd"): null]]></system-out>
         <system-err><![CDATA[]]></system-err>
      </testcase>
      <testcase name="Test Cases/TCID_4" time="0.112" classname="Test Cases/TCID_4" status="PASSED">
         <system-out><![CDATA[2023-11-06 11:52:27 - [TEST_CASE][PASSED] - Test Cases/TCID_4: Test Cases/TCID_4

2023-11-06 11:52:27 - [TEST_STEP][PASSED] - println("4th test case created"): null

2023-11-06 11:52:27 - [TEST_STEP][PASSED] - println("4th ends"): null]]></system-out>
         <system-err><![CDATA[]]></system-err>
      </testcase>
      <testcase name="Test Cases/TCID_5" time="0.081" classname="Test Cases/TCID_5" status="PASSED">
         <system-out><![CDATA[2023-11-06 11:52:28 - [TEST_CASE][PASSED] - Test Cases/TCID_5: Test Cases/TCID_5

2023-11-06 11:52:28 - [TEST_STEP][PASSED] - println("5th test case created"): null

2023-11-06 11:52:28 - [TEST_STEP][PASSED] - println("5th ends"): null

2023-11-06 11:52:28 - [TEST_STEP][PASSED] - println("Bye"): null]]></system-out>
         <system-err><![CDATA[]]></system-err>
      </testcase>
      <testcase name="Test Cases/Login" time="6.565" classname="Test Cases/Login" status="PASSED">
         <system-out><![CDATA[2023-11-06 11:52:28 - [TEST_CASE][PASSED] - Test Cases/Login: Test Cases/Login

2023-11-06 11:52:28 - [TEST_STEP][PASSED] - openBrowser(str_URL): Browser is opened with url: 'https://www.facebook.com/'

2023-11-06 11:52:28 - [MESSAGE][INFO] - Starting 'Chrome' driver

2023-11-06 11:52:28 - [MESSAGE][INFO] - Action delay is set to 0 milliseconds

2023-11-06 11:52:31 - [MESSAGE][PASSED] - Browser is opened with url: 'https://www.facebook.com/'

2023-11-06 11:52:31 - [TEST_STEP][PASSED] - maximizeWindow(): Current window maximized

2023-11-06 11:52:32 - [MESSAGE][PASSED] - Current window maximized

2023-11-06 11:52:32 - [TEST_STEP][PASSED] - waitForPageLoad(30): Wait for page load successfully

2023-11-06 11:52:32 - [MESSAGE][PASSED] - Wait for page load successfully

2023-11-06 11:52:32 - [TEST_STEP][PASSED] - setText(findTestObject("Page_Facebook  log in page/Username"), Username): Text 'akshaykumar1@gmail.com' is set on object 'Object Repository/Page_Facebook  log in page/Username'

2023-11-06 11:52:33 - [MESSAGE][PASSED] - Text 'akshaykumar1@gmail.com' is set on object 'Object Repository/Page_Facebook  log in page/Username'

2023-11-06 11:52:33 - [TEST_STEP][PASSED] - get_Username = getAttribute(findTestObject("Page_Facebook  log in page/Username"), "value"): Attribute 'value' of object 'Object Repository/Page_Facebook  log in page/Username' is: 'akshaykumar1@gmail.com'

2023-11-06 11:52:33 - [MESSAGE][PASSED] - Attribute 'value' of object 'Object Repository/Page_Facebook  log in page/Username' is: 'akshaykumar1@gmail.com'

2023-11-06 11:52:33 - [TEST_STEP][PASSED] - verifyMatch(Username, get_Username, false): Actual text 'akshaykumar1@gmail.com' and expected text 'akshaykumar1@gmail.com' are matched 

2023-11-06 11:52:33 - [MESSAGE][PASSED] - Actual text 'akshaykumar1@gmail.com' and expected text 'akshaykumar1@gmail.com' are matched 

2023-11-06 11:52:33 - [TEST_STEP][PASSED] - setMaskedText(findTestObject("Page_Facebook  log in page/Password"), Password): Text '**********' is set on object 'Object Repository/Page_Facebook  log in page/Password'

2023-11-06 11:52:34 - [MESSAGE][PASSED] - Text '**********' is set on object 'Object Repository/Page_Facebook  log in page/Password'

2023-11-06 11:52:34 - [TEST_STEP][PASSED] - get_Password = getAttribute(findTestObject("Page_Facebook  log in page/Password"), "value"): Attribute 'value' of object 'Object Repository/Page_Facebook  log in page/Password' is: 'Akshay@123'

2023-11-06 11:52:34 - [MESSAGE][PASSED] - Attribute 'value' of object 'Object Repository/Page_Facebook  log in page/Password' is: 'Akshay@123'

2023-11-06 11:52:34 - [TEST_STEP][PASSED] - verifyMatch(Password, get_Password, false): Actual text 'Akshay@123' and expected text 'Akshay@123' are matched 

2023-11-06 11:52:34 - [MESSAGE][PASSED] - Actual text 'Akshay@123' and expected text 'Akshay@123' are matched 

2023-11-06 11:52:34 - [TEST_STEP][PASSED] - click(findTestObject("Page_Facebook  log in page/button_Log in")): Object: 'Object Repository/Page_Facebook  log in page/button_Log in' is clicked on

2023-11-06 11:52:34 - [MESSAGE][PASSED] - Object: 'Object Repository/Page_Facebook  log in page/button_Log in' is clicked on]]></system-out>
         <system-err><![CDATA[]]></system-err>
      </testcase>
      <system-out><![CDATA[2023-11-06 11:52:27 - [TEST_SUITE][PASSED] - TSCID1: Test Cases/Login]]></system-out>
      <system-err><![CDATA[]]></system-err>
   </testsuite>
</testsuites>
