<?xml version="1.0" encoding="UTF-8"?>
<testsuites name="TSCID1" time="0.69" tests="2" failures="0" errors="0">
   <testsuite name="TSCID1" tests="2" failures="0" errors="0" time="0.69" skipped="0" timestamp="2023-10-31 14:56:35" hostname="Sushil.Gaikwad - DS025.step.com" id="Test Suites/TSCID1">
      <properties>
         <property name="deviceName" value=""/>
         <property name="devicePlatform" value=""/>
         <property name="logFolder" value="C:\\Users\\sushil.gaikwad\\git\\CIDgit1\\Reports\\20231031_145507\\TSCID1\\20231031_145631"/>
         <property name="logFiles" value="C:\\Users\\sushil.gaikwad\\git\\CIDgit1\\Reports\\20231031_145507\\TSCID1\\20231031_145631\\execution0.log"/>
         <property name="attachments" value=""/>
         <property name="hostName" value="Sushil.Gaikwad - DS025.step.com"/>
         <property name="hostAddress" value="192.168.0.134"/>
         <property name="os" value="Windows 10 64bit"/>
         <property name="katalonVersion" value="9.0.0.212"/>
      </properties>
      <testcase name="Test Cases/TCID_1" time="0.232" classname="Test Cases/TCID_1" status="PASSED">
         <system-out><![CDATA[2023-10-31 14:56:35 - [TEST_CASE][PASSED] - Test Cases/TCID_1: Test Cases/TCID_1

2023-10-31 14:56:35 - [TEST_STEP][PASSED] - println("1st test case created"): null]]></system-out>
         <system-err><![CDATA[]]></system-err>
      </testcase>
      <testcase name="Test Cases/TCID_2" time="0.131" classname="Test Cases/TCID_2" status="PASSED">
         <system-out><![CDATA[2023-10-31 14:56:35 - [TEST_CASE][PASSED] - Test Cases/TCID_2: Test Cases/TCID_2

2023-10-31 14:56:36 - [TEST_STEP][PASSED] - println("2nd test case created"): null]]></system-out>
         <system-err><![CDATA[]]></system-err>
      </testcase>
      <system-out><![CDATA[2023-10-31 14:56:35 - [TEST_SUITE][PASSED] - TSCID1: Test Cases/TCID_2]]></system-out>
      <system-err><![CDATA[]]></system-err>
   </testsuite>
</testsuites>
