<?xml version="1.0" encoding="UTF-8"?>
<testsuites name="TSCID1" time="7.491" tests="1" failures="0" errors="0">
   <testsuite name="TSCID1" tests="1" failures="0" errors="0" time="7.491" skipped="0" timestamp="2023-11-06 18:20:26" hostname="DS025$ - DS025.step.com" id="Test Suites/TSCID1">
      <properties>
         <property name="deviceName" value=""/>
         <property name="devicePlatform" value=""/>
         <property name="logFolder" value="C:\\Users\\sushil.gaikwad\\git\\CIDgit1\\Reports\\20231106_182014\\TSCID1\\20231106_182019"/>
         <property name="logFiles" value="C:\\Users\\sushil.gaikwad\\git\\CIDgit1\\Reports\\20231106_182014\\TSCID1\\20231106_182019\\execution0.log"/>
         <property name="attachments" value=""/>
         <property name="hostName" value="DS025$ - DS025.step.com"/>
         <property name="os" value="Windows 10 64bit"/>
         <property name="katalonVersion" value="9.0.0.212"/>
         <property name="browser" value="Chrome 119.0.0.0"/>
         <property name="hostAddress" value="192.168.0.134"/>
         <property name="sessionId" value="0077c149906ab79522629edacf76cdd6"/>
         <property name="seleniumVersion" value="3.141.59"/>
         <property name="proxyInformation" value="ProxyInformation { proxyOption=NO_PROXY, proxyServerType=HTTP, username=, password=********, proxyServerAddress=, proxyServerPort=0, executionList=&quot;&quot;, isApplyToDesiredCapabilities=true }"/>
         <property name="platform" value="Windows 10"/>
      </properties>
      <testcase name="Test Cases/Login" time="7.28" classname="Test Cases/Login" status="PASSED">
         <system-out><![CDATA[2023-11-06 18:20:26 - [TEST_CASE][PASSED] - Test Cases/Login: Test Cases/Login

2023-11-06 18:20:27 - [TEST_STEP][PASSED] - println("Starts Process"): null

2023-11-06 18:20:27 - [TEST_STEP][PASSED] - openBrowser(str_URL): Browser is opened with url: 'https://www.facebook.com/'

2023-11-06 18:20:28 - [MESSAGE][INFO] - Starting 'Chrome' driver

2023-11-06 18:20:28 - [MESSAGE][INFO] - Action delay is set to 0 milliseconds

2023-11-06 18:20:31 - [MESSAGE][PASSED] - Browser is opened with url: 'https://www.facebook.com/'

2023-11-06 18:20:31 - [TEST_STEP][PASSED] - maximizeWindow(): Current window maximized

2023-11-06 18:20:31 - [MESSAGE][PASSED] - Current window maximized

2023-11-06 18:20:31 - [TEST_STEP][PASSED] - waitForPageLoad(30): Wait for page load successfully

2023-11-06 18:20:31 - [MESSAGE][PASSED] - Wait for page load successfully

2023-11-06 18:20:31 - [TEST_STEP][PASSED] - setText(findTestObject("Page_Facebook  log in page/Username"), Username): Text 'akshaykumar1@gmail.com' is set on object 'Object Repository/Page_Facebook  log in page/Username'

2023-11-06 18:20:32 - [MESSAGE][PASSED] - Text 'akshaykumar1@gmail.com' is set on object 'Object Repository/Page_Facebook  log in page/Username'

2023-11-06 18:20:32 - [TEST_STEP][PASSED] - get_Username = getAttribute(findTestObject("Page_Facebook  log in page/Username"), "value"): Attribute 'value' of object 'Object Repository/Page_Facebook  log in page/Username' is: 'akshaykumar1@gmail.com'

2023-11-06 18:20:32 - [MESSAGE][PASSED] - Attribute 'value' of object 'Object Repository/Page_Facebook  log in page/Username' is: 'akshaykumar1@gmail.com'

2023-11-06 18:20:32 - [TEST_STEP][PASSED] - verifyMatch(Username, get_Username, false): Actual text 'akshaykumar1@gmail.com' and expected text 'akshaykumar1@gmail.com' are matched 

2023-11-06 18:20:32 - [MESSAGE][PASSED] - Actual text 'akshaykumar1@gmail.com' and expected text 'akshaykumar1@gmail.com' are matched 

2023-11-06 18:20:32 - [TEST_STEP][PASSED] - setMaskedText(findTestObject("Page_Facebook  log in page/Password"), Password): Text '**********' is set on object 'Object Repository/Page_Facebook  log in page/Password'

2023-11-06 18:20:33 - [MESSAGE][PASSED] - Text '**********' is set on object 'Object Repository/Page_Facebook  log in page/Password'

2023-11-06 18:20:33 - [TEST_STEP][PASSED] - get_Password = getAttribute(findTestObject("Page_Facebook  log in page/Password"), "value"): Attribute 'value' of object 'Object Repository/Page_Facebook  log in page/Password' is: 'Akshay@123'

2023-11-06 18:20:33 - [MESSAGE][PASSED] - Attribute 'value' of object 'Object Repository/Page_Facebook  log in page/Password' is: 'Akshay@123'

2023-11-06 18:20:33 - [TEST_STEP][PASSED] - verifyMatch(Password, get_Password, false): Actual text 'Akshay@123' and expected text 'Akshay@123' are matched 

2023-11-06 18:20:33 - [MESSAGE][PASSED] - Actual text 'Akshay@123' and expected text 'Akshay@123' are matched 

2023-11-06 18:20:33 - [TEST_STEP][PASSED] - click(findTestObject("Page_Facebook  log in page/button_Log in")): Object: 'Object Repository/Page_Facebook  log in page/button_Log in' is clicked on

2023-11-06 18:20:33 - [MESSAGE][PASSED] - Object: 'Object Repository/Page_Facebook  log in page/button_Log in' is clicked on

2023-11-06 18:20:33 - [TEST_STEP][PASSED] - closeBrowser(): Browser is closed

2023-11-06 18:20:34 - [MESSAGE][PASSED] - Browser is closed]]></system-out>
         <system-err><![CDATA[]]></system-err>
      </testcase>
      <system-out><![CDATA[2023-11-06 18:20:26 - [TEST_SUITE][PASSED] - TSCID1: Test Cases/Login]]></system-out>
      <system-err><![CDATA[]]></system-err>
   </testsuite>
</testsuites>
