<?xml version="1.0" encoding="UTF-8"?>
<testsuites name="TSCID1" time="0.777" tests="4" failures="0" errors="0">
   <testsuite name="TSCID1" tests="4" failures="0" errors="0" time="0.777" skipped="0" timestamp="2023-11-01 11:16:36" hostname="DS025$ - DS025.step.com" id="Test Suites/TSCID1">
      <properties>
         <property name="deviceName" value=""/>
         <property name="devicePlatform" value=""/>
         <property name="logFolder" value="C:\\Users\\sushil.gaikwad\\git\\CIDgit1\\Reports\\20231101_111627\\TSCID1\\20231101_111633"/>
         <property name="logFiles" value="C:\\Users\\sushil.gaikwad\\git\\CIDgit1\\Reports\\20231101_111627\\TSCID1\\20231101_111633\\execution0.log"/>
         <property name="attachments" value=""/>
         <property name="hostName" value="DS025$ - DS025.step.com"/>
         <property name="hostAddress" value="192.168.0.134"/>
         <property name="os" value="Windows 10 64bit"/>
         <property name="katalonVersion" value="9.0.0.212"/>
      </properties>
      <testcase name="Test Cases/TCID_1" time="0.337" classname="Test Cases/TCID_1" status="PASSED">
         <system-out><![CDATA[2023-11-01 11:16:37 - [TEST_CASE][PASSED] - Test Cases/TCID_1: Test Cases/TCID_1

2023-11-01 11:16:37 - [TEST_STEP][PASSED] - println("1st test case created"): null]]></system-out>
         <system-err><![CDATA[]]></system-err>
      </testcase>
      <testcase name="Test Cases/TCID_2" time="0.064" classname="Test Cases/TCID_2" status="PASSED">
         <system-out><![CDATA[2023-11-01 11:16:37 - [TEST_CASE][PASSED] - Test Cases/TCID_2: Test Cases/TCID_2

2023-11-01 11:16:37 - [TEST_STEP][PASSED] - println("3rd test case created"): null]]></system-out>
         <system-err><![CDATA[]]></system-err>
      </testcase>
      <testcase name="Test Cases/TCID_3" time="0.036" classname="Test Cases/TCID_3" status="PASSED">
         <system-out><![CDATA[2023-11-01 11:16:37 - [TEST_CASE][PASSED] - Test Cases/TCID_3: Test Cases/TCID_3

2023-11-01 11:16:37 - [TEST_STEP][PASSED] - println("1st test case created"): null]]></system-out>
         <system-err><![CDATA[]]></system-err>
      </testcase>
      <testcase name="Test Cases/TCID_4" time="0.054" classname="Test Cases/TCID_4" status="PASSED">
         <system-out><![CDATA[2023-11-01 11:16:37 - [TEST_CASE][PASSED] - Test Cases/TCID_4: Test Cases/TCID_4

2023-11-01 11:16:37 - [TEST_STEP][PASSED] - println("4th test case created"): null]]></system-out>
         <system-err><![CDATA[]]></system-err>
      </testcase>
      <system-out><![CDATA[2023-11-01 11:16:36 - [TEST_SUITE][PASSED] - TSCID1: Test Cases/TCID_4]]></system-out>
      <system-err><![CDATA[]]></system-err>
   </testsuite>
</testsuites>
