<?xml version="1.0" encoding="UTF-8"?>
<testsuites name="TSCID1" time="0.566" tests="5" failures="0" errors="0">
   <testsuite name="TSCID1" tests="5" failures="0" errors="0" time="0.566" skipped="0" timestamp="2023-11-03 13:05:39" hostname="DS025$ - DS025.step.com" id="Test Suites/TSCID1">
      <properties>
         <property name="deviceName" value=""/>
         <property name="devicePlatform" value=""/>
         <property name="logFolder" value="C:\\Users\\sushil.gaikwad\\git\\CIDgit1\\Reports\\20231103_130524\\TSCID1\\20231103_130532"/>
         <property name="logFiles" value="C:\\Users\\sushil.gaikwad\\git\\CIDgit1\\Reports\\20231103_130524\\TSCID1\\20231103_130532\\execution0.log"/>
         <property name="attachments" value=""/>
         <property name="hostName" value="DS025$ - DS025.step.com"/>
         <property name="hostAddress" value="192.168.0.134"/>
         <property name="os" value="Windows 10 64bit"/>
         <property name="katalonVersion" value="9.0.0.212"/>
      </properties>
      <testcase name="Test Cases/TCID_1" time="0.177" classname="Test Cases/TCID_1" status="PASSED">
         <system-out><![CDATA[2023-11-03 13:05:39 - [TEST_CASE][PASSED] - Test Cases/TCID_1: Test Cases/TCID_1

2023-11-03 13:05:39 - [TEST_STEP][PASSED] - println("1st test case created"): null

2023-11-03 13:05:39 - [TEST_STEP][PASSED] - println("Ends"): null]]></system-out>
         <system-err><![CDATA[]]></system-err>
      </testcase>
      <testcase name="Test Cases/TCID_2" time="0.043" classname="Test Cases/TCID_2" status="PASSED">
         <system-out><![CDATA[2023-11-03 13:05:39 - [TEST_CASE][PASSED] - Test Cases/TCID_2: Test Cases/TCID_2

2023-11-03 13:05:39 - [TEST_STEP][PASSED] - println("2nd test case created"): null]]></system-out>
         <system-err><![CDATA[]]></system-err>
      </testcase>
      <testcase name="Test Cases/TCID_3" time="0.041" classname="Test Cases/TCID_3" status="PASSED">
         <system-out><![CDATA[2023-11-03 13:05:39 - [TEST_CASE][PASSED] - Test Cases/TCID_3: Test Cases/TCID_3

2023-11-03 13:05:39 - [TEST_STEP][PASSED] - println("3rd test case created"): null]]></system-out>
         <system-err><![CDATA[]]></system-err>
      </testcase>
      <testcase name="Test Cases/TCID_4" time="0.039" classname="Test Cases/TCID_4" status="PASSED">
         <system-out><![CDATA[2023-11-03 13:05:39 - [TEST_CASE][PASSED] - Test Cases/TCID_4: Test Cases/TCID_4

2023-11-03 13:05:39 - [TEST_STEP][PASSED] - println("4th test case created"): null]]></system-out>
         <system-err><![CDATA[]]></system-err>
      </testcase>
      <testcase name="Test Cases/TCID_5" time="0.04" classname="Test Cases/TCID_5" status="PASSED">
         <system-out><![CDATA[2023-11-03 13:05:39 - [TEST_CASE][PASSED] - Test Cases/TCID_5: Test Cases/TCID_5

2023-11-03 13:05:39 - [TEST_STEP][PASSED] - println("5th test case created"): null]]></system-out>
         <system-err><![CDATA[]]></system-err>
      </testcase>
      <system-out><![CDATA[2023-11-03 13:05:39 - [TEST_SUITE][PASSED] - TSCID1: Test Cases/TCID_5]]></system-out>
      <system-err><![CDATA[]]></system-err>
   </testsuite>
</testsuites>
