<?xml version="1.0" encoding="UTF-8"?>
<testsuites name="TSCID1" time="1.764" tests="2" failures="0" errors="0">
   <testsuite name="TSCID1" tests="2" failures="0" errors="0" time="1.764" skipped="0" timestamp="2023-10-30 14:44:43" hostname="Sushil.Gaikwad - DS025.step.com" id="Test Suites/TSCID1">
      <properties>
         <property name="deviceName" value=""/>
         <property name="devicePlatform" value=""/>
         <property name="logFolder" value="C:\\Users\\sushil.gaikwad\\git\\CIDgit1\\Reports\\20231030_144439\\TSCID1\\20231030_144439"/>
         <property name="logFiles" value="C:\\Users\\sushil.gaikwad\\git\\CIDgit1\\Reports\\20231030_144439\\TSCID1\\20231030_144439\\execution0.log"/>
         <property name="attachments" value=""/>
         <property name="hostName" value="Sushil.Gaikwad - DS025.step.com"/>
         <property name="hostAddress" value="192.168.0.134"/>
         <property name="os" value="Windows 10 64bit"/>
         <property name="katalonVersion" value="8.6.8.208"/>
      </properties>
      <testcase name="Test Cases/TCID_1" time="0.69" classname="Test Cases/TCID_1" status="PASSED">
         <system-out><![CDATA[2023-10-30 14:44:44 - [TEST_CASE][PASSED] - Test Cases/TCID_1: Test Cases/TCID_1

2023-10-30 14:44:45 - [TEST_STEP][PASSED] - println("1st test case created"): null]]></system-out>
         <system-err><![CDATA[]]></system-err>
      </testcase>
      <testcase name="Test Cases/TCID_2" time="0.614" classname="Test Cases/TCID_2" status="PASSED">
         <system-out><![CDATA[2023-10-30 14:44:45 - [TEST_CASE][PASSED] - Test Cases/TCID_2: Test Cases/TCID_2

2023-10-30 14:44:45 - [TEST_STEP][PASSED] - println("2nd test case created"): null]]></system-out>
         <system-err><![CDATA[]]></system-err>
      </testcase>
      <system-out><![CDATA[2023-10-30 14:44:43 - [TEST_SUITE][PASSED] - TSCID1: Test Cases/TCID_2]]></system-out>
      <system-err><![CDATA[]]></system-err>
   </testsuite>
</testsuites>
